<?xml version="1.0" encoding="UTF-8"?>
<testsuite xmlns:xsi="http://www.w3.org/2001/XMLSchema-instance" xsi:noNamespaceSchemaLocation="https://maven.apache.org/surefire/maven-surefire-plugin/xsd/surefire-test-report-3.0.xsd" version="3.0" name="com.example.demo.DemoApplicationTests" time="2.502" tests="1" errors="0" skipped="0" failures="0">
  <properties>
[...]
</properties>
  <testcase name="contextLoads" classname="com.example.demo.DemoApplicationTests" time="0.538">
    <system-out><![CDATA[16:55:10.089 [main] INFO org.springframework.test.context.support.AnnotationConfigContextLoaderUtils -- Could not detect default configuration classes for test class [com.example.demo.DemoApplicationTests]: DemoApplicationTests does not declare any static, non-private, non-final, nested classes annotated with @Configuration.
16:55:10.168 [main] INFO org.springframework.boot.test.context.SpringBootTestContextBootstrapper -- Found @SpringBootConfiguration com.example.demo.DemoApplication for test class com.example.demo.DemoApplicationTests

  .   ____          _            __ _ _
 /\\ / ___'_ __ _ _(_)_ __  __ _ \ \ \ \
( ( )\___ | '_ | '_| | '_ \/ _` | \ \ \ \
 \\/  ___)| |_)| | | | | || (_| |  ) ) ) )
  '  |____| .__|_| |_|_| |_\__, | / / / /
 =========|_|==============|___/=/_/_/_/
 :: Spring Boot ::                (v3.1.0)

2023-08-26T16:55:10.472+06:00  WARN 8432 --- [           main] ory$DuplicateJsonObjectContextCustomizer : 

Found multiple occurrences of org.json.JSONObject on the class path:

	jar:file:/C:/Users/User/.m2/repository/org/json/json/20230227/json-20230227.jar!/org/json/JSONObject.class
	jar:file:/C:/Users/User/.m2/repository/com/vaadin/external/google/android-json/0.0.20131108.vaadin1/android-json-0.0.20131108.vaadin1.jar!/org/json/JSONObject.class

You may wish to exclude one of them to ensure predictable runtime behavior

2023-08-26T16:55:10.486+06:00  INFO 8432 --- [           main] com.example.demo.DemoApplicationTests    : Starting DemoApplicationTests using Java 17.0.6 with PID 8432 (started by User in D:\FIVERR\maven-project)
2023-08-26T16:55:10.487+06:00  INFO 8432 --- [           main] com.example.demo.DemoApplicationTests    : No active profile set, falling back to 1 default profile: "default"
2023-08-26T16:55:11.551+06:00  INFO 8432 --- [           main] o.s.s.web.DefaultSecurityFilterChain     : Will secure any request with [org.springframework.security.web.session.DisableEncodeUrlFilter@5e50df2e, org.springframework.security.web.context.request.async.WebAsyncManagerIntegrationFilter@100aa331, org.springframework.security.web.context.SecurityContextHolderFilter@7b222230, org.springframework.security.web.header.HeaderWriterFilter@226de93c, org.springframework.security.web.csrf.CsrfFilter@93501be, org.springframework.security.web.authentication.logout.LogoutFilter@4f7be6c8, org.springframework.security.oauth2.client.web.OAuth2AuthorizationRequestRedirectFilter@415795f3, org.springframework.security.oauth2.client.web.OAuth2LoginAuthenticationFilter@2fe2965c, org.springframework.security.web.authentication.UsernamePasswordAuthenticationFilter@3375ebd3, org.springframework.security.web.authentication.ui.DefaultLoginPageGeneratingFilter@a54acec, org.springframework.security.web.authentication.ui.DefaultLogoutPageGeneratingFilter@c2cf597, org.springframework.security.web.savedrequest.RequestCacheAwareFilter@50fdf44f, org.springframework.security.web.servletapi.SecurityContextHolderAwareRequestFilter@172f4514, org.springframework.security.web.authentication.AnonymousAuthenticationFilter@724bf25f, org.springframework.security.web.access.ExceptionTranslationFilter@f613067, org.springframework.security.web.access.intercept.FilterSecurityInterceptor@3daf03d8]
2023-08-26T16:55:11.919+06:00  INFO 8432 --- [           main] com.example.demo.DemoApplicationTests    : Started DemoApplicationTests in 1.631 seconds (process running for 2.383)
]]></system-out>
  </testcase>
</testsuite>